[Mon, 12 Mar 18 15:33:59 +0800][DEBUG] SELECT IF(COUNT(*) > 0, 1, 0) FROM `INFORMATION_SCHEMA`.`TABLES` WHERE `TABLE_NAME` = 'options' AND `TABLE_SCHEMA` = DATABASE()  0.00040912628173828
[Mon, 12 Mar 18 15:33:59 +0800][DEBUG] DESCRIBE `options`  0.00039815902709961
[Mon, 12 Mar 18 15:33:59 +0800][DEBUG] SELECT `options`.`id`, `options`.`op_key`, `options`.`op_value`, `options`.`create_by`, `options`.`create_time`, `options`.`modify_by`, `options`.`modify_time` FROM `options`  0.00025391578674316
[Mon, 12 Mar 18 15:33:59 +0800][DEBUG] SELECT IF(COUNT(*) > 0, 1, 0) FROM `INFORMATION_SCHEMA`.`TABLES` WHERE `TABLE_NAME` = 'menu' AND `TABLE_SCHEMA` = DATABASE()  0.00028586387634277
[Mon, 12 Mar 18 15:33:59 +0800][DEBUG] DESCRIBE `menu`  0.00034093856811523
[Mon, 12 Mar 18 15:33:59 +0800][DEBUG] SELECT `menu`.`mid` AS `mid`, `menu`.`menu_name` AS `menu_name`, `menu`.`menu_url` AS `menu_url`, `menu`.`parent_mid` AS `parent_mid`, `menu`.`path` AS `path`, `menu`.`sort` AS `sort`, `menu`.`modify_time` AS `modify_time` FROM `menu` WHERE `menu`.`status` = :status ORDER BY LENGTH(`menu`.`path`) DESC, `menu`.`parent_mid` DESC, `menu`.`sort` ASC {"status":1} 0.00021719932556152
[Mon, 12 Mar 18 15:33:59 +0800][DEBUG] SELECT `menu`.`mid` AS `mid`, `menu`.`menu_name` AS `menu_name`, `menu`.`menu_url` AS `menu_url`, `menu`.`parent_mid` AS `parent_mid`, `menu`.`path` AS `path`, `menu`.`sort` AS `sort`, `menu`.`modify_time` AS `modify_time` FROM `menu` WHERE `menu`.`status` = :status ORDER BY LENGTH(`menu`.`path`) DESC, `menu`.`parent_mid` DESC, `menu`.`sort` ASC {"status":1} 8.9883804321289E-5
[Mon, 12 Mar 18 15:33:59 +0800][DEBUG] SELECT IF(COUNT(*) > 0, 1, 0) FROM `INFORMATION_SCHEMA`.`TABLES` WHERE `TABLE_NAME` = 'articles' AND `TABLE_SCHEMA` = DATABASE()  0.00024986267089844
[Mon, 12 Mar 18 15:33:59 +0800][DEBUG] DESCRIBE `articles`  0.00033903121948242
[Mon, 12 Mar 18 15:33:59 +0800][DEBUG] SELECT `articles`.`aid`, `articles`.`title`, `articles`.`introduce`, `articles`.`status`, `articles`.`view_number`, `articles`.`is_recommend`, `articles`.`is_top`, `articles`.`create_by`, `articles`.`create_time`, `articles`.`modify_by`, `articles`.`modify_time` FROM `articles` WHERE `articles`.`is_top` = :top AND `articles`.`status` = :status ORDER BY `articles`.`create_time` DESC LIMIT :APL0 {"top":1,"status":1,"APL0":2} 0.00020194053649902
[Mon, 12 Mar 18 15:33:59 +0800][DEBUG] SELECT `a`.`aid` AS `aid`, `a`.`title` AS `title`, `a`.`introduce` AS `introduce`, `a`.`status` AS `status`, `a`.`view_number` AS `view_number`, `a`.`create_time` AS `create_time`, `a`.`modify_by` AS `modify_by`, `a`.`modify_time` AS `modify_time` FROM `articles` AS `a` WHERE `a`.`status` > :status ORDER BY `a`.`create_time` DESC LIMIT :APL0 {"status":0,"APL0":10} 0.00017285346984863
[Mon, 12 Mar 18 15:33:59 +0800][DEBUG] SELECT COUNT(*) AS `rowcount` FROM `articles` AS `a` WHERE `a`.`status` > :status {"status":0} 0.00014019012451172
[Mon, 12 Mar 18 15:33:59 +0800][DEBUG] SELECT `articles`.`aid`, `articles`.`title`, `articles`.`introduce`, `articles`.`status`, `articles`.`view_number`, `articles`.`is_recommend`, `articles`.`is_top`, `articles`.`create_by`, `articles`.`create_time`, `articles`.`modify_by`, `articles`.`modify_time` FROM `articles` WHERE `articles`.`is_recommend` = :recommend AND `articles`.`status` = :status ORDER BY `articles`.`create_time` DESC LIMIT :APL0 {"recommend":1,"status":1,"APL0":10} 0.00018692016601562
[Mon, 12 Mar 18 15:33:59 +0800][DEBUG] SELECT IF(COUNT(*) > 0, 1, 0) FROM `INFORMATION_SCHEMA`.`TABLES` WHERE `TABLE_NAME` = 'categorys' AND `TABLE_SCHEMA` = DATABASE()  0.0002129077911377
[Mon, 12 Mar 18 15:33:59 +0800][DEBUG] DESCRIBE `categorys`  0.00036287307739258
[Mon, 12 Mar 18 15:33:59 +0800][DEBUG] SELECT `categorys`.`cid` AS `cid`, `categorys`.`category_name` AS `category_name`, `categorys`.`slug` AS `slug`, `categorys`.`parent_cid` AS `parent_cid`, `categorys`.`path` AS `path`, `categorys`.`sort` AS `sort`, `categorys`.`modify_time` AS `modify_time` FROM `categorys` WHERE `categorys`.`status` = :status ORDER BY LENGTH(`categorys`.`path`) DESC, `categorys`.`parent_cid` DESC, `categorys`.`sort` ASC {"status":1} 0.00018715858459473
[Mon, 12 Mar 18 15:33:59 +0800][DEBUG] SELECT IF(COUNT(*) > 0, 1, 0) FROM `INFORMATION_SCHEMA`.`TABLES` WHERE `TABLE_NAME` = 'tags' AND `TABLE_SCHEMA` = DATABASE()  0.00020790100097656
[Mon, 12 Mar 18 15:33:59 +0800][DEBUG] DESCRIBE `tags`  0.00031208992004395
[Mon, 12 Mar 18 15:33:59 +0800][DEBUG] SELECT `tags`.`tid`, `tags`.`tag_name`, `tags`.`slug`, `tags`.`status`, `tags`.`create_by`, `tags`.`create_time`, `tags`.`modify_by`, `tags`.`modify_time` FROM `tags` WHERE `tags`.`status` = :status {"status":1} 0.00016283988952637
[Mon, 12 Mar 18 15:33:59 +0800][DEBUG] SELECT COUNT(*) AS `rowcount` FROM `articles` WHERE `articles`.`status` = :status {"status":1} 0.00013899803161621
[Mon, 12 Mar 18 15:33:59 +0800][DEBUG] SELECT COUNT(*) AS `rowcount` FROM `categorys` WHERE `categorys`.`status` = :status {"status":1} 0.00015902519226074
[Mon, 12 Mar 18 15:33:59 +0800][DEBUG] SELECT COUNT(*) AS `rowcount` FROM `tags` WHERE `tags`.`status` = :status {"status":1} 0.00013494491577148
[Mon, 12 Mar 18 15:33:59 +0800][DEBUG] SELECT IF(COUNT(*) > 0, 1, 0) FROM `INFORMATION_SCHEMA`.`TABLES` WHERE `TABLE_NAME` = 'menu' AND `TABLE_SCHEMA` = DATABASE()  0.00082302093505859
[Mon, 12 Mar 18 15:33:59 +0800][DEBUG] SELECT IF(COUNT(*) > 0, 1, 0) FROM `INFORMATION_SCHEMA`.`TABLES` WHERE `TABLE_NAME` = 'menu' AND `TABLE_SCHEMA` = DATABASE()  0.00093412399291992
[Mon, 12 Mar 18 15:33:59 +0800][DEBUG] DESCRIBE `menu`  0.0010349750518799
[Mon, 12 Mar 18 15:33:59 +0800][DEBUG] DESCRIBE `menu`  0.00094890594482422
[Mon, 12 Mar 18 15:33:59 +0800][DEBUG] SELECT `menu`.`mid` AS `mid`, `menu`.`menu_name` AS `menu_name`, `menu`.`menu_url` AS `menu_url`, `menu`.`parent_mid` AS `parent_mid`, `menu`.`path` AS `path`, `menu`.`sort` AS `sort`, `menu`.`modify_time` AS `modify_time` FROM `menu` WHERE `menu`.`status` = :status ORDER BY LENGTH(`menu`.`path`) DESC, `menu`.`parent_mid` DESC, `menu`.`sort` ASC {"status":1} 8.7976455688477E-5
[Mon, 12 Mar 18 15:33:59 +0800][DEBUG] SELECT `menu`.`mid` AS `mid`, `menu`.`menu_name` AS `menu_name`, `menu`.`menu_url` AS `menu_url`, `menu`.`parent_mid` AS `parent_mid`, `menu`.`path` AS `path`, `menu`.`sort` AS `sort`, `menu`.`modify_time` AS `modify_time` FROM `menu` WHERE `menu`.`status` = :status ORDER BY LENGTH(`menu`.`path`) DESC, `menu`.`parent_mid` DESC, `menu`.`sort` ASC {"status":1} 0.0041060447692871
[Mon, 12 Mar 18 15:33:59 +0800][DEBUG] SELECT IF(COUNT(*) > 0, 1, 0) FROM `INFORMATION_SCHEMA`.`TABLES` WHERE `TABLE_NAME` = 'menu' AND `TABLE_SCHEMA` = DATABASE()  0.00051188468933105
[Mon, 12 Mar 18 15:33:59 +0800][DEBUG] DESCRIBE `menu`  0.00035500526428223
[Mon, 12 Mar 18 15:33:59 +0800][DEBUG] SELECT `menu`.`mid` AS `mid`, `menu`.`menu_name` AS `menu_name`, `menu`.`menu_url` AS `menu_url`, `menu`.`parent_mid` AS `parent_mid`, `menu`.`path` AS `path`, `menu`.`sort` AS `sort`, `menu`.`modify_time` AS `modify_time` FROM `menu` WHERE `menu`.`status` = :status ORDER BY LENGTH(`menu`.`path`) DESC, `menu`.`parent_mid` DESC, `menu`.`sort` ASC {"status":1} 9.608268737793E-5
[Mon, 12 Mar 18 15:33:59 +0800][DEBUG] SELECT IF(COUNT(*) > 0, 1, 0) FROM `INFORMATION_SCHEMA`.`TABLES` WHERE `TABLE_NAME` = 'menu' AND `TABLE_SCHEMA` = DATABASE()  0.00030303001403809
[Mon, 12 Mar 18 15:33:59 +0800][DEBUG] DESCRIBE `menu`  0.00035905838012695
[Mon, 12 Mar 18 15:33:59 +0800][DEBUG] SELECT `menu`.`mid` AS `mid`, `menu`.`menu_name` AS `menu_name`, `menu`.`menu_url` AS `menu_url`, `menu`.`parent_mid` AS `parent_mid`, `menu`.`path` AS `path`, `menu`.`sort` AS `sort`, `menu`.`modify_time` AS `modify_time` FROM `menu` WHERE `menu`.`status` = :status ORDER BY LENGTH(`menu`.`path`) DESC, `menu`.`parent_mid` DESC, `menu`.`sort` ASC {"status":1} 9.5844268798828E-5
[Mon, 12 Mar 18 15:34:15 +0800][DEBUG] SELECT IF(COUNT(*) > 0, 1, 0) FROM `INFORMATION_SCHEMA`.`TABLES` WHERE `TABLE_NAME` = 'articles' AND `TABLE_SCHEMA` = DATABASE()  0.0003209114074707
[Mon, 12 Mar 18 15:34:15 +0800][DEBUG] DESCRIBE `articles`  0.00039911270141602
[Mon, 12 Mar 18 15:34:15 +0800][DEBUG] SELECT COUNT(*) AS `rowcount` FROM `articles` WHERE `articles`.`status` = :status {"status":1} 9.7990036010742E-5
[Mon, 12 Mar 18 15:34:15 +0800][DEBUG] SELECT IF(COUNT(*) > 0, 1, 0) FROM `INFORMATION_SCHEMA`.`TABLES` WHERE `TABLE_NAME` = 'categorys' AND `TABLE_SCHEMA` = DATABASE()  0.00020194053649902
[Mon, 12 Mar 18 15:34:15 +0800][DEBUG] DESCRIBE `categorys`  0.00032186508178711
[Mon, 12 Mar 18 15:34:15 +0800][DEBUG] SELECT COUNT(*) AS `rowcount` FROM `categorys` WHERE `categorys`.`status` = :status {"status":1} 7.1048736572266E-5
[Mon, 12 Mar 18 15:34:15 +0800][DEBUG] SELECT IF(COUNT(*) > 0, 1, 0) FROM `INFORMATION_SCHEMA`.`TABLES` WHERE `TABLE_NAME` = 'tags' AND `TABLE_SCHEMA` = DATABASE()  0.00016903877258301
[Mon, 12 Mar 18 15:34:15 +0800][DEBUG] DESCRIBE `tags`  0.00031781196594238
[Mon, 12 Mar 18 15:34:15 +0800][DEBUG] SELECT COUNT(*) AS `rowcount` FROM `tags` WHERE `tags`.`status` = :status {"status":1} 7.9870223999023E-5
[Mon, 12 Mar 18 15:34:29 +0800][DEBUG] SELECT IF(COUNT(*) > 0, 1, 0) FROM `INFORMATION_SCHEMA`.`TABLES` WHERE `TABLE_NAME` = 'users' AND `TABLE_SCHEMA` = DATABASE()  0.00030303001403809
[Mon, 12 Mar 18 15:34:29 +0800][DEBUG] DESCRIBE `users`  0.00054502487182617
[Mon, 12 Mar 18 15:34:29 +0800][DEBUG] SELECT `users`.`uid`, `users`.`username`, `users`.`password`, `users`.`realname`, `users`.`phone_number`, `users`.`intro`, `users`.`status`, `users`.`create_by`, `users`.`create_time`, `users`.`modify_by`, `users`.`modify_time` FROM `users` WHERE `users`.`username` = :username LIMIT :APL0 {"username":"admin","APL0":1} 0.00024890899658203
[Mon, 12 Mar 18 15:34:29 +0800][ERROR] {"file":"\/home\/wwwroot\/default\/p\/app\/backend\/repositories\/Users.php","line":49,"code":0,"message":"\u7528\u6237\u540d\u6216\u5bc6\u7801\u9519\u8bef\uff0c\u8bf7\u91cd\u65b0\u8f93\u5165","trace":"#0 \/home\/wwwroot\/default\/p\/app\/backend\/controllers\/PassportController.php(62): Marser\\App\\Backend\\Repositories\\Users->login('admin', '123456')\n#1 [internal function]: Marser\\App\\Backend\\Controllers\\PassportController->loginAction()\n#2 [internal function]: Phalcon\\Dispatcher->callActionMethod(Object(Marser\\App\\Backend\\Controllers\\PassportController), 'loginAction', Array)\n#3 [internal function]: Phalcon\\Dispatcher->_dispatch()\n#4 [internal function]: Phalcon\\Dispatcher->dispatch()\n#5 \/home\/wwwroot\/default\/p\/public\/index.php(46): Phalcon\\Mvc\\Application->handle()\n#6 {main}"}
[Mon, 12 Mar 18 15:34:35 +0800][DEBUG] SELECT IF(COUNT(*) > 0, 1, 0) FROM `INFORMATION_SCHEMA`.`TABLES` WHERE `TABLE_NAME` = 'users' AND `TABLE_SCHEMA` = DATABASE()  0.00031280517578125
[Mon, 12 Mar 18 15:34:35 +0800][DEBUG] DESCRIBE `users`  0.00057005882263184
[Mon, 12 Mar 18 15:34:35 +0800][DEBUG] SELECT `users`.`uid`, `users`.`username`, `users`.`password`, `users`.`realname`, `users`.`phone_number`, `users`.`intro`, `users`.`status`, `users`.`create_by`, `users`.`create_time`, `users`.`modify_by`, `users`.`modify_time` FROM `users` WHERE `users`.`username` = :username LIMIT :APL0 {"username":"admin","APL0":1} 0.00013899803161621
[Mon, 12 Mar 18 15:34:35 +0800][DEBUG] SELECT IF(COUNT(*) > 0, 1, 0) FROM `INFORMATION_SCHEMA`.`TABLES` WHERE `TABLE_NAME` = 'articles' AND `TABLE_SCHEMA` = DATABASE()  0.00026488304138184
[Mon, 12 Mar 18 15:34:35 +0800][DEBUG] DESCRIBE `articles`  0.00039291381835938
[Mon, 12 Mar 18 15:34:35 +0800][DEBUG] SELECT COUNT(*) AS `rowcount` FROM `articles` WHERE `articles`.`status` = :status {"status":1} 9.1075897216797E-5
[Mon, 12 Mar 18 15:34:35 +0800][DEBUG] SELECT IF(COUNT(*) > 0, 1, 0) FROM `INFORMATION_SCHEMA`.`TABLES` WHERE `TABLE_NAME` = 'categorys' AND `TABLE_SCHEMA` = DATABASE()  0.00020503997802734
[Mon, 12 Mar 18 15:34:35 +0800][DEBUG] DESCRIBE `categorys`  0.00032997131347656
[Mon, 12 Mar 18 15:34:35 +0800][DEBUG] SELECT COUNT(*) AS `rowcount` FROM `categorys` WHERE `categorys`.`status` = :status {"status":1} 7.2956085205078E-5
[Mon, 12 Mar 18 15:34:35 +0800][DEBUG] SELECT IF(COUNT(*) > 0, 1, 0) FROM `INFORMATION_SCHEMA`.`TABLES` WHERE `TABLE_NAME` = 'tags' AND `TABLE_SCHEMA` = DATABASE()  0.0001671314239502
[Mon, 12 Mar 18 15:34:35 +0800][DEBUG] DESCRIBE `tags`  0.00028610229492188
[Mon, 12 Mar 18 15:34:35 +0800][DEBUG] SELECT COUNT(*) AS `rowcount` FROM `tags` WHERE `tags`.`status` = :status {"status":1} 9.1075897216797E-5
